C:\Users\ChrisLi\source\repos\WebApplication1\wwwroot\dist\components\commom\types.js
C:\Users\ChrisLi\source\repos\WebApplication1\wwwroot\dist\components\commom\types.js.map
C:\Users\ChrisLi\source\repos\WebApplication1\wwwroot\dist\components\nav-bar\index.js
C:\Users\ChrisLi\source\repos\WebApplication1\wwwroot\dist\components\nav-bar\index.js.map
C:\Users\ChrisLi\source\repos\WebApplication1\wwwroot\dist\components\left-bar\month\actions.js
C:\Users\ChrisLi\source\repos\WebApplication1\wwwroot\dist\components\left-bar\month\actions.js.map
C:\Users\ChrisLi\source\repos\WebApplication1\wwwroot\dist\components\left-bar\year\actions.js
C:\Users\ChrisLi\source\repos\WebApplication1\wwwroot\dist\components\left-bar\year\actions.js.map
C:\Users\ChrisLi\source\repos\WebApplication1\wwwroot\dist\components\left-bar\year\reducers.js
C:\Users\ChrisLi\source\repos\WebApplication1\wwwroot\dist\components\left-bar\year\reducers.js.map
C:\Users\ChrisLi\source\repos\WebApplication1\wwwroot\dist\components\left-bar\month\reducers.js
C:\Users\ChrisLi\source\repos\WebApplication1\wwwroot\dist\components\left-bar\month\reducers.js.map
C:\Users\ChrisLi\source\repos\WebApplication1\wwwroot\dist\components\content-bar\actions.js
C:\Users\ChrisLi\source\repos\WebApplication1\wwwroot\dist\components\content-bar\actions.js.map
C:\Users\ChrisLi\source\repos\WebApplication1\wwwroot\dist\components\content-bar\reducers.js
C:\Users\ChrisLi\source\repos\WebApplication1\wwwroot\dist\components\content-bar\reducers.js.map
C:\Users\ChrisLi\source\repos\WebApplication1\wwwroot\dist\store\reducers.js
C:\Users\ChrisLi\source\repos\WebApplication1\wwwroot\dist\store\reducers.js.map
C:\Users\ChrisLi\source\repos\WebApplication1\wwwroot\dist\components\left-bar\month\index.js
C:\Users\ChrisLi\source\repos\WebApplication1\wwwroot\dist\components\left-bar\month\index.js.map
C:\Users\ChrisLi\source\repos\WebApplication1\wwwroot\dist\components\left-bar\year\index.js
C:\Users\ChrisLi\source\repos\WebApplication1\wwwroot\dist\components\left-bar\year\index.js.map
C:\Users\ChrisLi\source\repos\WebApplication1\wwwroot\dist\components\left-bar\index.js
C:\Users\ChrisLi\source\repos\WebApplication1\wwwroot\dist\components\left-bar\index.js.map
C:\Users\ChrisLi\source\repos\WebApplication1\wwwroot\dist\components\commom\comFunc.js
C:\Users\ChrisLi\source\repos\WebApplication1\wwwroot\dist\components\commom\comFunc.js.map
C:\Users\ChrisLi\source\repos\WebApplication1\wwwroot\dist\components\content-bar\Day\index.js
C:\Users\ChrisLi\source\repos\WebApplication1\wwwroot\dist\components\content-bar\Day\index.js.map
C:\Users\ChrisLi\source\repos\WebApplication1\wwwroot\dist\components\commom\calendars.js
C:\Users\ChrisLi\source\repos\WebApplication1\wwwroot\dist\components\commom\calendars.js.map
C:\Users\ChrisLi\source\repos\WebApplication1\wwwroot\dist\components\content-bar\index.js
C:\Users\ChrisLi\source\repos\WebApplication1\wwwroot\dist\components\content-bar\index.js.map
C:\Users\ChrisLi\source\repos\WebApplication1\wwwroot\dist\components\App.js
C:\Users\ChrisLi\source\repos\WebApplication1\wwwroot\dist\components\App.js.map
C:\Users\ChrisLi\source\repos\WebApplication1\wwwroot\dist\components\content-bar\saga.js
C:\Users\ChrisLi\source\repos\WebApplication1\wwwroot\dist\components\content-bar\saga.js.map
C:\Users\ChrisLi\source\repos\WebApplication1\wwwroot\dist\store\saga.js
C:\Users\ChrisLi\source\repos\WebApplication1\wwwroot\dist\store\saga.js.map
C:\Users\ChrisLi\source\repos\WebApplication1\wwwroot\dist\boot.js
C:\Users\ChrisLi\source\repos\WebApplication1\wwwroot\dist\boot.js.map
C:\Users\ChrisLi\source\repos\WebApplication1\wwwroot\dist\components\left-bar\month\saga.js
C:\Users\ChrisLi\source\repos\WebApplication1\wwwroot\dist\components\left-bar\month\saga.js.map
C:\Users\ChrisLi\source\repos\WebApplication1\wwwroot\dist\components\left-bar\year\saga.js
C:\Users\ChrisLi\source\repos\WebApplication1\wwwroot\dist\components\left-bar\year\saga.js.map
